d:\project\vs c++project\tankbattle\tankbattle\tankbattle\debug\vc142.pdb
d:\project\vs c++project\tankbattle\tankbattle\tankbattle\debug\vc142.idb
d:\project\vs c++project\tankbattle\tankbattle\tankbattle\debug\unit.obj
d:\project\vs c++project\tankbattle\tankbattle\tankbattle\debug\tank.obj
d:\project\vs c++project\tankbattle\tankbattle\tankbattle\debug\player.obj
d:\project\vs c++project\tankbattle\tankbattle\tankbattle\debug\map.obj
d:\project\vs c++project\tankbattle\tankbattle\tankbattle\debug\main.obj
d:\project\vs c++project\tankbattle\tankbattle\tankbattle\debug\gamesetting.obj
d:\project\vs c++project\tankbattle\tankbattle\tankbattle\debug\enemy.obj
d:\project\vs c++project\tankbattle\tankbattle\tankbattle\debug\1.obj
d:\project\vs c++project\tankbattle\tankbattle\tankbattle\debug\gamepic.obj
d:\project\vs c++project\tankbattle\tankbattle\tankbattle\debug\bullet.obj
d:\project\vs c++project\tankbattle\tankbattle\debug\tankbattle.exe
d:\project\vs c++project\tankbattle\tankbattle\debug\tankbattle.ilk
d:\project\vs c++project\tankbattle\tankbattle\debug\tankbattle.pdb
d:\project\vs c++project\tankbattle\tankbattle\tankbattle\debug\resource.res
d:\project\vs c++project\tankbattle\tankbattle\tankbattle\debug\tankbattle.tlog\cl.command.1.tlog
d:\project\vs c++project\tankbattle\tankbattle\tankbattle\debug\tankbattle.tlog\cl.read.1.tlog
d:\project\vs c++project\tankbattle\tankbattle\tankbattle\debug\tankbattle.tlog\cl.write.1.tlog
d:\project\vs c++project\tankbattle\tankbattle\tankbattle\debug\tankbattle.tlog\link.command.1.tlog
d:\project\vs c++project\tankbattle\tankbattle\tankbattle\debug\tankbattle.tlog\link.read.1.tlog
d:\project\vs c++project\tankbattle\tankbattle\tankbattle\debug\tankbattle.tlog\link.write.1.tlog
d:\project\vs c++project\tankbattle\tankbattle\tankbattle\debug\tankbattle.tlog\rc.command.1.tlog
d:\project\vs c++project\tankbattle\tankbattle\tankbattle\debug\tankbattle.tlog\rc.read.1.tlog
d:\project\vs c++project\tankbattle\tankbattle\tankbattle\debug\tankbattle.tlog\rc.write.1.tlog
